20230904	22:21:15	43aa48e0-1c93-49a6-bca3-b890ab40f8a7	ValidationError: User validation failed: username: Path `username` is required.	POST	/users/register	http://localhost:3000
20230904	22:23:17	675d53b0-ac98-42c9-90d3-d55ff0d00d92	ValidationError: User validation failed: username: Path `username` is required.	POST	/users/register	http://localhost:3000
20230904	22:27:13	db675831-6708-4559-90c7-d8a66ebbe9c6	ValidationError: User validation failed: username: Path `username` is required.	POST	/users/register	http://localhost:3000
20230904	22:28:30	dcd3c347-7c28-46bd-92b4-93e452603510	ValidationError: User validation failed: username: Path `username` is required.	POST	/users/register	http://localhost:3000
20230904	22:29:08	41439b5c-a151-4524-921c-b9dd7f167a0f	ValidationError: User validation failed: username: Path `username` is required.	POST	/users/register	http://localhost:3000
20230910	17:26:29	584379db-4a51-462f-adef-94810a37f670	PayloadTooLargeError: request entity too large	POST	/reports/create	http://localhost:3000
20230910	17:27:16	24b7d820-c66d-4d96-82b9-17630a86c1ff	PayloadTooLargeError: request entity too large	POST	/reports/create	http://localhost:3000
20230910	17:27:54	1a5f66ac-9a5d-46de-b2ae-0e7b6b7f5d7e	PayloadTooLargeError: request entity too large	POST	/reports/create	http://localhost:3000
20230910	17:29:35	d98db27b-f49f-4a27-a24e-2f8e62ce96c7	ReferenceError: reportObject is not defined	POST	/reports/create	http://localhost:3000
20230910	17:32:27	f6dfa75b-7581-4da4-bf01-159329801acd	PayloadTooLargeError: request entity too large	POST	/reports/create	http://localhost:3000
20230911	16:47:30	67dc887b-e1c7-4f8c-b922-76c77c998b3e	ReferenceError: User is not defined	POST	/reports/reports	http://localhost:3000
20230911	16:47:30	27e8fa63-1ad4-4b7d-846b-c905bb0d4101	ReferenceError: User is not defined	POST	/reports/reports	http://localhost:3000
20230911	16:47:46	942361eb-98f2-444d-a0ad-a9252d4017ef	ReferenceError: User is not defined	POST	/reports/reports	http://localhost:3000
20230911	16:49:07	a3f41d7d-9a15-4ea2-b102-210d5d572686	ReferenceError: User is not defined	POST	/reports/reports	http://localhost:3000
20230911	16:49:07	6a696054-e4dc-4b63-ae59-6a12915acebe	ReferenceError: User is not defined	POST	/reports/reports	http://localhost:3000
20230911	16:51:26	b411f404-9ccb-441e-a714-8e877472bf0b	ReferenceError: Note is not defined	POST	/reports/reports	http://localhost:3000
20230911	16:51:26	8d9d8849-dc56-4c6d-8fd5-f855b971c1f4	ReferenceError: Note is not defined	POST	/reports/reports	http://localhost:3000
20230911	16:51:36	2a781920-f76f-4179-b11a-7c14433d0f43	ReferenceError: Cannot access 'city' before initialization	POST	/reports/reports	http://localhost:3000
20230911	16:51:36	1dae5985-1f45-4ff8-a149-ea41d9b65b9d	ReferenceError: Cannot access 'city' before initialization	POST	/reports/reports	http://localhost:3000
20230911	17:58:59	8cfee462-e430-4e37-884f-f9fa5f06db39	TypeError: The comparison function must be either a function or undefined	POST	/reports/reports	http://localhost:3000
20230911	17:59:01	3fd45573-ccee-4589-a1d5-f746339a3b5c	TypeError: The comparison function must be either a function or undefined	POST	/reports/reports	http://localhost:3000
20230911	17:59:37	01549464-1f02-4bba-bd2d-13c0964a5e02	TypeError: Report.find(...).lean(...).exec(...).sort is not a function	POST	/reports/reports	http://localhost:3000
20230911	17:59:37	ce3930e0-4908-4b8c-818a-aa79d41ca166	TypeError: Report.find(...).lean(...).exec(...).sort is not a function	POST	/reports/reports	http://localhost:3000
